#                          Extraction Options Log File
# Design "BlackJack_top"
#

Option multi_corner_tech_file_00 = "/home/user/Desktop/unibe/LowPowerMicroeletronics/Tutorial_DigitalWorkflow/Implementation/DB/BlackJack_encounter.enc.dat/libs/mmmc/gpdk045.tch"
Option multi_corner_temperature_00 = "25"

Option gray_data = "obs"

Option reduce_output = "false"

Option layout_scale = "1"

Option max_resistor_length = "15.2"

Option dump_options "false"

Option copy_port_to_obs = "true"

Option promote_feedthru_ports = "false"

Option remove_net_pin_overlap = "false"

Option coupled = "true"

Option total_c_threshold = "5"

Option coupling_c_threshold = "3"

Option relative_c_threshold = "0.03"

Option output_cap_filtering_mode = "relative_and_coupling"

Option turboReduce = "auto"

Option enable_metal_fill_effects = "true"
Option metal_fill_type = "floating"

Option compress_cache_files = "true"


Power and ground nets are not extracted.
Port geometries are not used for resistance or capacitance extraction.
"max_resistor_length" in TQRC and IQRC extraction can vary from design to design.


#
# This file was generated by Encounter v14.28-s033_1 on Fri Apr 20 12:29:33 2018

